15:32:56.508 [main                     ] DEBUG GameApplication      - Logger initialized
15:32:56.515 [main                     ] DEBUG GameApplication      - Logging settings
Title: Pong
Version: 0.0
Width: 800
Height: 600
Fullscreen: false
Intro: false
Menus: false
Profiling: false
Single step:false
App Mode: DEVELOPER
Menu Key: ESCAPE
Stage Style: DECORATED
Scene Factory: class com.almasb.fxgl.app.scene.SceneFactory

15:32:56.832 [JavaFX Application Thread] DEBUG GameApplication      - Initializing FXGL
15:32:56.841 [JavaFX Application Thread] INFO  Engine               - FXGL-11.8 (08.03.2020 09.09) on WINDOWS (J:14.0.1 FX:13.0.2)
15:32:56.841 [JavaFX Application Thread] INFO  Engine               - Source code and latest versions at: https://github.com/AlmasB/FXGL
15:32:56.841 [JavaFX Application Thread] INFO  Engine               -              Join the FXGL chat at: https://gitter.im/AlmasB/FXGL
15:32:56.930 [JavaFX Application Thread] DEBUG MainWindow           - Creating a JavaFX scene
15:32:56.969 [JavaFX Application Thread] DEBUG MainWindow           - Target settings size: 800.0 x 600.0
15:32:56.969 [JavaFX Application Thread] DEBUG MainWindow           - Scaled scene size:    800.0 x 600.0
15:32:56.970 [JavaFX Application Thread] DEBUG MainWindow           - Scaled ratio: (1.0, 1.0)
15:32:56.971 [JavaFX Application Thread] DEBUG MainWindow           - Set initial scene to FXGLStartupScene
15:32:56.975 [JavaFX Application Thread] DEBUG MainWindow           - Opening main window
15:32:57.039 [JavaFX Application Thread] DEBUG MainWindow           - Window border size: (16.0, 39.0)
15:32:57.040 [JavaFX Application Thread] DEBUG MainWindow           - Scaled size: 800.0 x 600.0
15:32:57.040 [JavaFX Application Thread] DEBUG MainWindow           - Scaled ratio: (1.0, 1.0)
15:32:57.040 [JavaFX Application Thread] DEBUG MainWindow           - Scene size: 800.0 x 600.0
15:32:57.040 [JavaFX Application Thread] DEBUG MainWindow           - Stage size: 816.0 x 639.0
15:32:57.045 [FXGL Background Thread 1 ] DEBUG Engine               - Initializing environment variables
15:32:57.064 [FXGL Background Thread 1 ] DEBUG WindowService        - Applying CSS: fxgl_dark.css
15:32:57.064 [FXGL Background Thread 1 ] DEBUG AssetLoaderService   - Loading from file system: /assets/ui/css/fxgl_dark.css
15:32:57.098 [FXGL Background Thread 1 ] DEBUG WindowService        - Initializing application scenes
15:32:57.123 [FXGL Background Thread 1 ] DEBUG GameWorld            - Game world initialized
15:32:57.154 [FXGL Background Thread 1 ] DEBUG PhysicsWorld         - Physics world initialized: appHeight=600, physics.ppm=50.0
15:32:57.156 [FXGL Background Thread 1 ] DEBUG GameScene            - Game scene initialized: 800x600
15:32:57.161 [FXGL Background Thread 1 ] DEBUG Input                - Registered new binding: Resume - Esc
15:32:57.165 [FXGL Background Thread 1 ] DEBUG AssetLoaderService   - Loading from file system: /assets/textures/pause_menu_bg.png
15:32:57.202 [FXGL Background Thread 1 ] DEBUG Input                - Registered new binding: Pause - Esc
15:32:57.202 [FXGL Background Thread 1 ] DEBUG WindowService        - Application scenes initialized
15:32:57.210 [FXGL Background Thread 1 ] DEBUG SystemBundleService  - Loading FXGL system data
15:32:57.217 [FXGL Background Thread 1 ] DEBUG FileSystemAccess     - Reading from: C:\Users\Cristian\IdeaProjects\PongProject\system\fxgl.bundle
15:32:57.222 [FXGL Background Thread 1 ] DEBUG SystemBundleService  - Bundle FXGL: {}
15:32:57.222 [FXGL Background Thread 1 ] INFO  Engine               - FXGL initialization took: 0.176 sec
15:32:57.224 [FXGL Background Thread 1 ] DEBUG GameApplication      - Loading localizations
15:32:57.224 [FXGL Background Thread 1 ] DEBUG AssetLoaderService   - Loading from file system: /assets/properties/languages/english.properties
15:32:57.225 [FXGL Background Thread 1 ] DEBUG AssetLoaderService   - Loading from file system: /assets/properties/languages/french.properties
15:32:57.226 [FXGL Background Thread 1 ] DEBUG AssetLoaderService   - Loading from file system: /assets/properties/languages/german.properties
15:32:57.227 [FXGL Background Thread 1 ] DEBUG AssetLoaderService   - Loading from file system: /assets/properties/languages/hungarian.properties
15:32:57.228 [FXGL Background Thread 1 ] DEBUG AssetLoaderService   - Loading from file system: /assets/properties/languages/russian.properties
15:32:57.229 [FXGL Background Thread 1 ] DEBUG GameApplication      - Registering font factories with UI factory
15:32:57.229 [FXGL Background Thread 1 ] DEBUG AssetLoaderService   - Loading from file system: /assets/ui/fonts/VarelaRound-Regular.ttf
15:33:00.224 [FXGL Background Thread 2 ] DEBUG Engine               - Logging environment variables
15:33:00.224 [FXGL Background Thread 2 ] DEBUG Engine               - achievements: []
15:33:00.224 [FXGL Background Thread 2 ] DEBUG Engine               - language: ObjectProperty [value: ENGLISH]
15:33:00.224 [FXGL Background Thread 2 ] DEBUG Engine               - isCloseConfirmation: false
15:33:00.224 [FXGL Background Thread 2 ] DEBUG Engine               - isProfilingEnabled: false
15:33:00.224 [FXGL Background Thread 2 ] DEBUG Engine               - soundNotification: core/notification.wav
15:33:00.224 [FXGL Background Thread 2 ] DEBUG Engine               - devShowBBoxProperty: BooleanProperty [value: false]
15:33:00.224 [FXGL Background Thread 2 ] DEBUG Engine               - pixelsPerMeter: 50.0
15:33:00.224 [FXGL Background Thread 2 ] DEBUG Engine               - appIcon: fxgl_icon.png
15:33:00.224 [FXGL Background Thread 2 ] DEBUG Engine               - soundMenuBack: menu/back.wav
15:33:00.225 [FXGL Background Thread 2 ] DEBUG Engine               - isFullScreenAllowed: false
15:33:00.225 [FXGL Background Thread 2 ] DEBUG Engine               - isIntroEnabled: false
15:33:00.225 [FXGL Background Thread 2 ] DEBUG Engine               - fontMono: lucida_console.ttf
15:33:00.225 [FXGL Background Thread 2 ] DEBUG Engine               - soundMenuSelect: menu/select.wav
15:33:00.225 [FXGL Background Thread 2 ] DEBUG Engine               - isWindows: true
15:33:00.225 [FXGL Background Thread 2 ] DEBUG Engine               - isMobile: false
15:33:00.225 [FXGL Background Thread 2 ] DEBUG Engine               - isUserProfileEnabled: false
15:33:00.225 [FXGL Background Thread 2 ] DEBUG Engine               - height: 600
15:33:00.225 [FXGL Background Thread 2 ] DEBUG Engine               - isExperimentalNative: false
15:33:00.225 [FXGL Background Thread 2 ] DEBUG Engine               - settings: Title: Pong
Version: 0.0
Width: 800
Height: 600
Fullscreen: false
Intro: false
Menus: false
Profiling: false
Single step:false
App Mode: DEVELOPER
Menu Key: ESCAPE
Stage Style: DECORATED
Scene Factory: class com.almasb.fxgl.app.scene.SceneFactory

15:33:00.225 [FXGL Background Thread 2 ] DEBUG Engine               - isSingleStep: false
15:33:00.225 [FXGL Background Thread 2 ] DEBUG Engine               - cSSList: [fxgl_dark.css]
15:33:00.225 [FXGL Background Thread 2 ] DEBUG Engine               - fontGame: Abel-Regular.ttf
15:33:00.225 [FXGL Background Thread 2 ] DEBUG Engine               - menuKey: ESCAPE
15:33:00.225 [FXGL Background Thread 2 ] DEBUG Engine               - devShowPositionProperty: BooleanProperty [value: false]
15:33:00.225 [FXGL Background Thread 2 ] DEBUG Engine               - versionCheckDays: 7
15:33:00.225 [FXGL Background Thread 2 ] DEBUG Engine               - configClass: Optional.empty
15:33:00.226 [FXGL Background Thread 2 ] DEBUG Engine               - isFullScreenFromStart: false
15:33:00.226 [FXGL Background Thread 2 ] DEBUG Engine               - version: 0.0
15:33:00.226 [FXGL Background Thread 2 ] DEBUG Engine               - fullScreen: BooleanProperty [value: false]
15:33:00.226 [FXGL Background Thread 2 ] DEBUG Engine               - randomSeed: -1
15:33:00.226 [FXGL Background Thread 2 ] DEBUG Engine               - gameDifficultyProperty: ObjectProperty [value: MEDIUM]
15:33:00.226 [FXGL Background Thread 2 ] DEBUG Engine               - applicationMode: DEVELOPER
15:33:00.226 [FXGL Background Thread 2 ] DEBUG Engine               - isMac: false
15:33:00.226 [FXGL Background Thread 2 ] DEBUG Engine               - isMenuEnabled: false
15:33:00.226 [FXGL Background Thread 2 ] DEBUG Engine               - urlPOM: https://raw.githubusercontent.com/AlmasB/FXGL/master/pom.xml
15:33:00.226 [FXGL Background Thread 2 ] DEBUG Engine               - profileName: StringProperty [value: DEFAULT]
15:33:00.226 [FXGL Background Thread 2 ] DEBUG Engine               - notificationViewClass: class com.almasb.fxgl.notification.view.XboxNotificationView
15:33:00.226 [FXGL Background Thread 2 ] DEBUG Engine               - devSensorColorProperty: ObjectProperty [value: 0xffff00ff]
15:33:00.226 [FXGL Background Thread 2 ] DEBUG Engine               - sceneFactory: com.almasb.fxgl.app.scene.SceneFactory@11292cc1
15:33:00.226 [FXGL Background Thread 2 ] DEBUG Engine               - stageStyle: DECORATED
15:33:00.226 [FXGL Background Thread 2 ] DEBUG Engine               - isManualResizeEnabled: false
15:33:00.227 [FXGL Background Thread 2 ] DEBUG Engine               - title: Pong
15:33:00.227 [FXGL Background Thread 2 ] DEBUG Engine               - platform: WINDOWS
15:33:00.227 [FXGL Background Thread 2 ] DEBUG Engine               - devBBoxColorProperty: ObjectProperty [value: 0xff0000ff]
15:33:00.227 [FXGL Background Thread 2 ] DEBUG Engine               - gameDifficulty: MEDIUM
15:33:00.227 [FXGL Background Thread 2 ] DEBUG Engine               - isDesktop: true
15:33:00.227 [FXGL Background Thread 2 ] DEBUG Engine               - supportedLanguages: [ENGLISH, FRENCH, GERMAN, HUNGARIAN, RUSSIAN]
15:33:00.227 [FXGL Background Thread 2 ] DEBUG Engine               - credits: []
15:33:00.227 [FXGL Background Thread 2 ] DEBUG Engine               - globalMusicVolumeProperty: DoubleProperty [value: 0.5]
15:33:00.227 [FXGL Background Thread 2 ] DEBUG Engine               - isPreserveResizeRatio: false
15:33:00.227 [FXGL Background Thread 2 ] DEBUG Engine               - fontText: Courier-Prime.ttf
15:33:00.227 [FXGL Background Thread 2 ] DEBUG Engine               - isExperimentalTiledLargeMap: false
15:33:00.227 [FXGL Background Thread 2 ] DEBUG Engine               - secondsIn24h: 60
15:33:00.227 [FXGL Background Thread 2 ] DEBUG Engine               - runtimeInfo: RuntimeInfo(platform=WINDOWS, version=11.8, build=08.03.2020 09.09)
15:33:00.227 [FXGL Background Thread 2 ] DEBUG Engine               - isLinux: false
15:33:00.227 [FXGL Background Thread 2 ] DEBUG Engine               - soundMenuPress: menu/press.wav
15:33:00.227 [FXGL Background Thread 2 ] DEBUG Engine               - urlGithub: https://github.com/AlmasB/FXGL
15:33:00.227 [FXGL Background Thread 2 ] DEBUG Engine               - profileDir: profiles/
15:33:00.227 [FXGL Background Thread 2 ] DEBUG Engine               - isDeveloperMenuEnabled: false
15:33:00.227 [FXGL Background Thread 2 ] DEBUG Engine               - globalSoundVolumeProperty: DoubleProperty [value: 0.5]
15:33:00.228 [FXGL Background Thread 2 ] DEBUG Engine               - mainWindow: com.almasb.fxgl.app.MainWindow@1516ba3c
15:33:00.228 [FXGL Background Thread 2 ] DEBUG Engine               - isBrowser: false
15:33:00.228 [FXGL Background Thread 2 ] DEBUG Engine               - urlLeaderboard: http://fxgl-top.herokuapp.com/
15:33:00.228 [FXGL Background Thread 2 ] DEBUG Engine               - globalSoundVolume: 0.5
15:33:00.228 [FXGL Background Thread 2 ] DEBUG Engine               - engineServices: [class com.almasb.fxgl.app.GameApplication$GameApplicationService, class com.almasb.fxgl.app.services.WindowService, class com.almasb.fxgl.app.services.FXGLDialogService, class com.almasb.fxgl.app.services.IOTaskExecutorService, class com.almasb.fxgl.event.EventBusService, class com.almasb.fxgl.io.FileSystemService, class com.almasb.fxgl.localization.LocalizationService, class com.almasb.fxgl.app.services.AssetLoaderService, class com.almasb.fxgl.app.services.SystemBundleService, class com.almasb.fxgl.profile.SaveLoadService, class com.almasb.fxgl.ui.FXGLUIFactoryServiceProvider, class com.almasb.fxgl.ui.FXGLDialogFactoryServiceProvider, class com.almasb.fxgl.audio.AudioPlayer, class com.almasb.fxgl.notification.impl.NotificationServiceProvider, class com.almasb.fxgl.achievement.AchievementService, class com.almasb.fxgl.cutscene.CutsceneService, class com.almasb.fxgl.minigames.MiniGameService, class com.almasb.fxgl.net.NetService, class com.almasb.fxgl.app.services.UpdaterService]
15:33:00.228 [FXGL Background Thread 2 ] DEBUG Engine               - globalMusicVolume: 0.5
15:33:00.228 [FXGL Background Thread 2 ] DEBUG Engine               - width: 800
15:33:00.228 [FXGL Background Thread 2 ] DEBUG Engine               - saveFileExt: sav
15:33:00.228 [FXGL Background Thread 2 ] DEBUG Engine               - isAndroid: false
15:33:00.228 [FXGL Background Thread 2 ] DEBUG Engine               - fontUI: VarelaRound-Regular.ttf
15:33:00.228 [FXGL Background Thread 2 ] DEBUG Engine               - enabledMenuItems: []
15:33:00.228 [FXGL Background Thread 2 ] DEBUG Engine               - isIOS: false
15:33:00.228 [FXGL Background Thread 2 ] DEBUG Engine               - Logging services
15:33:00.228 [FXGL Background Thread 2 ] DEBUG Engine               - class com.almasb.fxgl.app.GameApplication$GameApplicationService
15:33:00.228 [FXGL Background Thread 2 ] DEBUG Engine               - class com.almasb.fxgl.app.services.WindowService
15:33:00.228 [FXGL Background Thread 2 ] DEBUG Engine               - class com.almasb.fxgl.app.services.FXGLDialogService
15:33:00.228 [FXGL Background Thread 2 ] DEBUG Engine               - class com.almasb.fxgl.app.services.IOTaskExecutorService
15:33:00.228 [FXGL Background Thread 2 ] DEBUG Engine               - class com.almasb.fxgl.event.EventBusService
15:33:00.228 [FXGL Background Thread 2 ] DEBUG Engine               - class com.almasb.fxgl.io.FileSystemService
15:33:00.228 [FXGL Background Thread 2 ] DEBUG Engine               - class com.almasb.fxgl.localization.LocalizationService
15:33:00.229 [FXGL Background Thread 2 ] DEBUG Engine               - class com.almasb.fxgl.app.services.AssetLoaderService
15:33:00.229 [FXGL Background Thread 2 ] DEBUG Engine               - class com.almasb.fxgl.app.services.SystemBundleService
15:33:00.229 [FXGL Background Thread 2 ] DEBUG Engine               - class com.almasb.fxgl.profile.SaveLoadService
15:33:00.229 [FXGL Background Thread 2 ] DEBUG Engine               - class com.almasb.fxgl.ui.FXGLUIFactoryServiceProvider
15:33:00.229 [FXGL Background Thread 2 ] DEBUG Engine               - class com.almasb.fxgl.ui.FXGLDialogFactoryServiceProvider
15:33:00.229 [FXGL Background Thread 2 ] DEBUG Engine               - class com.almasb.fxgl.audio.AudioPlayer
15:33:00.229 [FXGL Background Thread 2 ] DEBUG Engine               - class com.almasb.fxgl.notification.impl.NotificationServiceProvider
15:33:00.229 [FXGL Background Thread 2 ] DEBUG Engine               - class com.almasb.fxgl.achievement.AchievementService
15:33:00.229 [FXGL Background Thread 2 ] DEBUG Engine               - class com.almasb.fxgl.cutscene.CutsceneService
15:33:00.229 [FXGL Background Thread 2 ] DEBUG Engine               - class com.almasb.fxgl.minigames.MiniGameService
15:33:00.229 [FXGL Background Thread 2 ] DEBUG Engine               - class com.almasb.fxgl.net.NetService
15:33:00.229 [FXGL Background Thread 2 ] DEBUG Engine               - class com.almasb.fxgl.app.services.UpdaterService
15:33:05.253 [FXGL Background Thread 1 ] DEBUG AssetLoaderService   - Loading from file system: /assets/ui/fonts/Abel-Regular.ttf
15:33:05.260 [FXGL Background Thread 1 ] DEBUG AssetLoaderService   - Loading from file system: /assets/ui/fonts/lucida_console.ttf
15:33:05.269 [FXGL Background Thread 1 ] DEBUG AssetLoaderService   - Loading from file system: /assets/ui/fonts/Courier-Prime.ttf
15:33:05.277 [JavaFX Application Thread] DEBUG Input                - Registered new binding: Up 1 - W
15:33:05.278 [JavaFX Application Thread] DEBUG Input                - Registered new binding: Down 1 - S
15:33:05.278 [JavaFX Application Thread] DEBUG Input                - Registered new binding: Up 2 - Up
15:33:05.278 [JavaFX Application Thread] DEBUG Input                - Registered new binding: Down 2 - Down
15:33:05.278 [JavaFX Application Thread] DEBUG AssetLoaderService   - Loading from file system: /assets/textures/fxgl_icon.png
15:33:05.292 [JavaFX Application Thread] DEBUG AssetLoaderService   - Loading from file system: /assets/ui/cursors/fxgl_default.png
15:33:05.294 [JavaFX Application Thread] DEBUG Input                - Registered new binding: Screenshot - P
15:33:05.294 [JavaFX Application Thread] DEBUG Input                - Registered new binding: System info dump - CTRL+9
15:33:05.294 [JavaFX Application Thread] DEBUG Input                - Registered new binding: Restart - CTRL+R
15:33:05.295 [JavaFX Application Thread] DEBUG LoopRunner           - Starting loop
15:33:05.302 [JavaFX Application Thread] DEBUG FXGLStartupScene     - STARTUP
15:33:05.302 [JavaFX Application Thread] DEBUG WindowService        - Starting new game
15:33:05.304 [JavaFX Application Thread] DEBUG Input                - Clearing active input actions
15:33:05.312 [JavaFX Application Thread] DEBUG WindowService        - Removing overlay from FXGLStartupScene and adding to FXGLLoadingScene
15:33:05.312 [JavaFX Application Thread] DEBUG MainWindow           - FXGLStartupScene -> FXGLLoadingScene
15:33:05.313 [JavaFX Application Thread] DEBUG WindowService        - Clearing previous game
15:33:05.313 [JavaFX Application Thread] DEBUG GameScene            - Clearing game scene
15:33:05.313 [JavaFX Application Thread] DEBUG GameWorld            - Clearing game world
15:33:05.313 [JavaFX Application Thread] DEBUG PhysicsWorld         - Clearing physics world
15:33:05.314 [FXGL Background Thread 1 ] DEBUG GameApplication      - Initializing game
15:33:05.321 [FXGL Background Thread 1 ] INFO  GameApplication      - Game initialization took: 0.007 sec
15:33:05.335 [JavaFX Application Thread] DEBUG Input                - Clearing active input actions
15:33:05.343 [JavaFX Application Thread] DEBUG WindowService        - Removing overlay from FXGLLoadingScene and adding to GameScene
15:33:05.343 [JavaFX Application Thread] DEBUG MainWindow           - FXGLLoadingScene -> GameScene
15:33:19.457 [JavaFX Application Thread] DEBUG MainWindow           - Push state: FXGLPauseMenu
15:33:19.458 [JavaFX Application Thread] DEBUG Input                - Clearing active input actions
15:33:19.462 [JavaFX Application Thread] DEBUG WindowService        - Removing overlay from GameScene and adding to FXGLPauseMenu
15:33:19.462 [JavaFX Application Thread] DEBUG MainWindow           - GameScene -> FXGLPauseMenu
15:33:21.230 [JavaFX Application Thread] DEBUG MainWindow           - Pop state: FXGLPauseMenu
15:33:21.230 [JavaFX Application Thread] DEBUG Input                - Clearing active input actions
15:33:21.231 [JavaFX Application Thread] DEBUG WindowService        - Removing overlay from FXGLPauseMenu and adding to GameScene
15:33:21.231 [JavaFX Application Thread] DEBUG MainWindow           - GameScene <- FXGLPauseMenu
15:33:21.534 [JavaFX Application Thread] DEBUG MainWindow           - Push state: FXGLPauseMenu
15:33:21.534 [JavaFX Application Thread] DEBUG Input                - Clearing active input actions
15:33:21.535 [JavaFX Application Thread] DEBUG WindowService        - Removing overlay from GameScene and adding to FXGLPauseMenu
15:33:21.535 [JavaFX Application Thread] DEBUG MainWindow           - GameScene -> FXGLPauseMenu
15:33:24.032 [JavaFX Application Thread] DEBUG GameApplication      - Exiting FXGL
15:33:24.032 [JavaFX Application Thread] DEBUG LoopRunner           - Stopping loop
15:33:24.033 [JavaFX Application Thread] DEBUG SystemBundleService  - Saving FXGL system data
15:33:24.034 [JavaFX Application Thread] DEBUG FileSystemAccess     - Writing to: C:\Users\Cristian\IdeaProjects\PongProject\system\fxgl.bundle
15:33:24.035 [JavaFX Application Thread] DEBUG GameApplication      - Shutting down background threads
15:33:24.035 [JavaFX Application Thread] DEBUG GameApplication      - Closing logger and exiting JavaFX
